<?xml version="1.0" encoding="UTF-8"?>
<!-- Generated by org.testng.reporters.JUnitXMLReporter -->
<testsuite ignored="6" hostname="max" failures="0" tests="4" name="anonymosUser " time="38.605" errors="0" timestamp="2021-02-18T16:45:44 EET">
  <testcase classname="anonymousUserTests.LanguageTest" name="openHomepageInENGLISHlanguage" time="15.024"/>
  <testcase classname="anonymousUserTests.PortalsTest" name="openportalpage" time="8.458"/>
  <testcase classname="anonymousUserTests.PortalsTest" name="viewportalpage" time="13.326"/>
  <testcase classname="anonymousUserTests.PortalsTest" name="preview_testimonials" time="1.675"/>
  <testcase classname="loginUserTests.TestBase" name="@AfterSuite closeDriver" time="0.0">
    <ignored/>
  </testcase> <!-- @AfterSuite closeDriver -->
  <testcase classname="loginUserTests.TestBase" name="@BeforeSuite startDriver" time="0.0">
    <ignored/>
  </testcase> <!-- @BeforeSuite startDriver -->
  <testcase classname="anonymousUserTests.LanguageTest" name="openHomepageInPortugueslanguage" time="0.0">
    <ignored/>
  </testcase> <!-- openHomepageInPortugueslanguage -->
  <testcase classname="anonymousUserTests.LanguageTest" name="openHomepageInARABIClanguage" time="0.0">
    <ignored/>
  </testcase> <!-- openHomepageInARABIClanguage -->
  <testcase classname="anonymousUserTests.LanguageTest" name="openHomepageInFrancaislanguage" time="0.0">
    <ignored/>
  </testcase> <!-- openHomepageInFrancaislanguage -->
  <testcase classname="anonymousUserTests.LanguageTest" name="openHomepageInEspanollanguage" time="0.0">
    <ignored/>
  </testcase> <!-- openHomepageInEspanollanguage -->
</testsuite> <!-- anonymosUser  -->
